#
# A fatal error has been detected by the Java Runtime Environment:
#
#  EXCEPTION_ACCESS_VIOLATION (0xc0000005) at pc=0x0000000069111545, pid=4324, tid=16108
#
# JRE version: Java(TM) SE Runtime Environment (8.0_91-b15) (build 1.8.0_91-b15)
# Java VM: Java HotSpot(TM) 64-Bit Server VM (25.91-b15 mixed mode windows-amd64 compressed oops)
# Problematic frame:
# C  [jfxwebkit.dll+0xd81545]
#
# Failed to write core dump. Minidumps are not enabled by default on client versions of Windows
#
# If you would like to submit a bug report, please visit:
#   http://bugreport.java.com/bugreport/crash.jsp
# The crash happened outside the Java Virtual Machine in native code.
# See problematic frame for where to report the bug.
#

---------------  T H R E A D  ---------------

Current thread (0x000000001f009000):  JavaThread "Thread-5" [_thread_in_native, id=16108, stack(0x0000000022650000,0x0000000022750000)]

siginfo: ExceptionCode=0xc0000005, writing address 0x0000000000000012

Registers:
RAX=0x0000000000000060, RBX=0x0000000000000002, RCX=0x00000000691111e0, RDX=0x0000000068390000
RSP=0x000000002274db40, RBP=0x000000002274dc40, RSI=0x0000000000000007, RDI=0x0000000000000008
R8 =0x0001000000000000, R9 =0xffff000000000000, R10=0x0000000000000000, R11=0xffff000000000002
R12=0x0000000021bbfa70, R13=0x0000000021bbfa10, R14=0x0000000000000002, R15=0x000000002746e108
RIP=0x0000000069111545, EFLAGS=0x0000000000010202

Top of Stack: (sp=0x000000002274db40)
0x000000002274db40:   0000000000000002 0000000021bbf9b0
0x000000002274db50:   0000000000000000 00000000272c5038
0x000000002274db60:   0000000000000002 0000000000000007
0x000000002274db70:   000000000000005b 0000000000000000
0x000000002274db80:   0000000021bbfa70 0000000000000060
0x000000002274db90:   badbeef00000007c 0000000017c0b870
0x000000002274dba0:   00000000296fd990 00000000296fd9b0
0x000000002274dbb0:   000000002274e960 0000000017942488
0x000000002274dbc0:   0000000003542300 000000001f009000
0x000000002274dbd0:   00000000820015f8 0000000017e08d98
0x000000002274dbe0:   0000000017942488 00000000035421c4
0x000000002274dbf0:   0000000017e08008 0000000017c9d9d0
0x000000002274dc00:   ffffffffffff0101 0000000000000025
0x000000002274dc10:   0000000082815a48 0000000000000001
0x000000002274dc20:   00000000000098c8 000000006abb490c
0x000000002274dc30:   00000000034b2b50 0000000022909678 

Instructions: (pc=0x0000000069111545)
0x0000000069111525:   41 8b 7c 24 2c 4d 8b 7f 68 49 63 74 ff 08 48 83
0x0000000069111535:   c7 08 49 89 1c f4 4d 8b 74 ff f8 48 89 74 24 28
0x0000000069111545:   49 89 5e 10 41 8b 04 ff 48 89 7c 24 30 e9 e2 06
0x0000000069111555:   00 00 66 0f 1f 84 00 00 00 00 00 49 8d 04 ff 48 


Register to memory mapping:

RAX=0x0000000000000060 is an unknown value
RBX=0x0000000000000002 is an unknown value
RCX=0x00000000691111e0 is an unknown value
RDX=0x0000000068390000 is an unknown value
RSP=0x000000002274db40 is pointing into the stack for thread: 0x000000001f009000
RBP=0x000000002274dc40 is pointing into the stack for thread: 0x000000001f009000
RSI=0x0000000000000007 is an unknown value
RDI=0x0000000000000008 is an unknown value
R8 =0x0001000000000000 is an unknown value
R9 =0xffff000000000000 is an unknown value
R10=0x0000000000000000 is an unknown value
R11=0xffff000000000002 is an unknown value
R12=0x0000000021bbfa70 is an unknown value
R13=0x0000000021bbfa10 is an unknown value
R14=0x0000000000000002 is an unknown value
R15=0x000000002746e108 is an unknown value


Stack: [0x0000000022650000,0x0000000022750000],  sp=0x000000002274db40,  free space=1014k
Native frames: (J=compiled Java code, j=interpreted, Vv=VM code, C=native code)
C  [jfxwebkit.dll+0xd81545]
C  [jfxwebkit.dll+0xd4b423]
C  [jfxwebkit.dll+0xc5127e]
C  [jfxwebkit.dll+0xc4ea76]
C  [jfxwebkit.dll+0xbe1f15]
C  [jfxwebkit.dll+0xc2819c]
C  [jfxwebkit.dll+0x8941c5]
C  0x0000000003357f54

Java frames: (J=compiled Java code, j=interpreted, Vv=VM code)
j  com.sun.webkit.dom.JSObject.callImpl(JILjava/lang/String;[Ljava/lang/Object;Ljava/security/AccessControlContext;)Ljava/lang/Object;+0
j  com.sun.webkit.dom.JSObject.call(Ljava/lang/String;[Ljava/lang/Object;)Ljava/lang/Object;+13
j  main.java.com.lynden.gmapsfx.javascript.JavascriptObject.invokeJavascript(Ljava/lang/String;[Ljava/lang/Object;)Ljava/lang/Object;+91
j  main.java.com.lynden.gmapsfx.javascript.object.GoogleMap.setCenter(Lmain/java/com/lynden/gmapsfx/javascript/object/LatLong;)V+11
j  image.explorer.view.ImageExplorerController.mapCenter(Lmain/java/com/lynden/gmapsfx/javascript/object/LatLong;)V+5
j  image.explorer.MainApp$1.run()V+507
j  java.lang.Thread.run()V+11
v  ~StubRoutines::call_stub

---------------  P R O C E S S  ---------------

Java Threads: ( => current thread )
  0x0000000029d4b800 JavaThread "Thread-61" daemon [_thread_blocked, id=16208, stack(0x000000002db30000,0x000000002dc30000)]
  0x0000000029d4d000 JavaThread "Thread-60" daemon [_thread_blocked, id=20112, stack(0x000000002da30000,0x000000002db30000)]
  0x0000000029d4a000 JavaThread "Thread-59" daemon [_thread_blocked, id=16176, stack(0x000000002d930000,0x000000002da30000)]
  0x0000000029d49800 JavaThread "URL-Loader-20" daemon [_thread_in_native, id=15712, stack(0x000000002d830000,0x000000002d930000)]
  0x0000000029d4c800 JavaThread "Thread-58" daemon [_thread_blocked, id=15412, stack(0x000000002d330000,0x000000002d430000)]
  0x0000000029d4e000 JavaThread "URL-Loader-19" daemon [_thread_blocked, id=6360, stack(0x000000002d230000,0x000000002d330000)]
  0x0000000029d4e800 JavaThread "URL-Loader-18" daemon [_thread_blocked, id=18364, stack(0x000000002d130000,0x000000002d230000)]
  0x0000000029d48800 JavaThread "URL-Loader-17" daemon [_thread_blocked, id=14640, stack(0x000000002d030000,0x000000002d130000)]
  0x000000001f00c800 JavaThread "URL-Loader-16" daemon [_thread_blocked, id=2476, stack(0x000000002cf30000,0x000000002d030000)]
  0x000000001f00e800 JavaThread "URL-Loader-15" daemon [_thread_blocked, id=13080, stack(0x000000002cd30000,0x000000002ce30000)]
  0x000000001f3e4000 JavaThread "Thread-57" daemon [_thread_blocked, id=18548, stack(0x000000002cc30000,0x000000002cd30000)]
  0x000000001f3e8000 JavaThread "URL-Loader-14" daemon [_thread_blocked, id=18380, stack(0x000000002bb60000,0x000000002bc60000)]
  0x000000001f3e6800 JavaThread "URL-Loader-13" daemon [_thread_blocked, id=7088, stack(0x000000002ba60000,0x000000002bb60000)]
  0x000000001f3e3800 JavaThread "Thread-56" daemon [_thread_blocked, id=888, stack(0x000000002b960000,0x000000002ba60000)]
  0x000000001f3e2800 JavaThread "URL-Loader-12" daemon [_thread_blocked, id=18240, stack(0x000000002b760000,0x000000002b860000)]
  0x000000001f00d000 JavaThread "URL-Loader-11" daemon [_thread_blocked, id=11268, stack(0x000000002ae60000,0x000000002af60000)]
  0x000000001f00b800 JavaThread "URL-Loader-10" daemon [_thread_blocked, id=18480, stack(0x000000002ad60000,0x000000002ae60000)]
  0x000000001f00a800 JavaThread "URL-Loader-9" daemon [_thread_blocked, id=10772, stack(0x000000002ac60000,0x000000002ad60000)]
  0x000000001f008800 JavaThread "URL-Loader-8" daemon [_thread_in_native, id=17364, stack(0x0000000029a20000,0x0000000029b20000)]
  0x000000001f00a000 JavaThread "URL-Loader-7" daemon [_thread_blocked, id=6128, stack(0x0000000029920000,0x0000000029a20000)]
  0x000000001f00f800 JavaThread "URL-Loader-6" daemon [_thread_in_native, id=7456, stack(0x0000000029820000,0x0000000029920000)]
  0x000000001f00e000 JavaThread "URL-Loader-5" daemon [_thread_in_native, id=1064, stack(0x0000000028750000,0x0000000028850000)]
  0x000000001f3e5800 JavaThread "URL-Loader-4" daemon [_thread_in_native, id=15488, stack(0x0000000027680000,0x0000000027780000)]
  0x000000001f3e2000 JavaThread "Watchdog-Timer-1" daemon [_thread_blocked, id=11364, stack(0x0000000027180000,0x0000000027280000)]
  0x000000001f3e8800 JavaThread "Keep-Alive-Timer" daemon [_thread_blocked, id=14004, stack(0x0000000027080000,0x0000000027180000)]
  0x000000001f3e5000 JavaThread "URL-Loader-3" daemon [_thread_in_native, id=12900, stack(0x0000000025ac0000,0x0000000025bc0000)]
  0x000000001f3e7000 JavaThread "URL-Loader-2" daemon [_thread_in_native, id=20248, stack(0x00000000259c0000,0x0000000025ac0000)]
=>0x000000001f009000 JavaThread "Thread-5" [_thread_in_native, id=16108, stack(0x0000000022650000,0x0000000022750000)]
  0x000000001f537000 JavaThread "Abandoned connection cleanup thread" daemon [_thread_blocked, id=18076, stack(0x0000000022350000,0x0000000022450000)]
  0x000000001ecc9000 JavaThread "URL-Loader-1" daemon [_thread_in_native, id=5164, stack(0x0000000021f20000,0x0000000022020000)]
  0x000000001b2a2000 JavaThread "Disposer" daemon [_thread_blocked, id=17884, stack(0x0000000021e20000,0x0000000021f20000)]
  0x000000001b41c800 JavaThread "Prism Font Disposer" daemon [_thread_blocked, id=8464, stack(0x000000001e970000,0x000000001ea70000)]
  0x000000001b067000 JavaThread "Thread-3" daemon [_thread_in_native, id=16228, stack(0x000000001dad0000,0x000000001dbd0000)]
  0x000000001b057000 JavaThread "JavaFX-Launcher" [_thread_blocked, id=14264, stack(0x000000001dbd0000,0x000000001dcd0000)]
  0x000000001afb4800 JavaThread "JavaFX Application Thread" [_thread_in_native, id=19276, stack(0x000000001ba30000,0x000000001bb30000)]
  0x000000001afb3800 JavaThread "Thread-1" daemon [_thread_blocked, id=8708, stack(0x000000001b930000,0x000000001ba30000)]
  0x000000001af96000 JavaThread "QuantumRenderer-0" daemon [_thread_blocked, id=10672, stack(0x000000001b760000,0x000000001b860000)]
  0x000000001a244000 JavaThread "Service Thread" daemon [_thread_blocked, id=856, stack(0x000000001ad60000,0x000000001ae60000)]
  0x000000001a1b5800 JavaThread "C1 CompilerThread3" daemon [_thread_blocked, id=12200, stack(0x000000001ac60000,0x000000001ad60000)]
  0x000000001a1a1800 JavaThread "C2 CompilerThread2" daemon [_thread_in_native, id=4696, stack(0x000000001ab60000,0x000000001ac60000)]
  0x000000001a19e800 JavaThread "C2 CompilerThread1" daemon [_thread_blocked, id=18860, stack(0x000000001aa60000,0x000000001ab60000)]
  0x000000001a19c000 JavaThread "C2 CompilerThread0" daemon [_thread_in_vm, id=3052, stack(0x000000001a960000,0x000000001aa60000)]
  0x000000001a19b000 JavaThread "Attach Listener" daemon [_thread_blocked, id=15640, stack(0x000000001a860000,0x000000001a960000)]
  0x000000001a19a000 JavaThread "Signal Dispatcher" daemon [_thread_blocked, id=16168, stack(0x000000001a760000,0x000000001a860000)]
  0x000000001a190800 JavaThread "Finalizer" daemon [_thread_blocked, id=11892, stack(0x000000001a570000,0x000000001a670000)]
  0x0000000003337000 JavaThread "Reference Handler" daemon [_thread_blocked, id=10812, stack(0x000000001a070000,0x000000001a170000)]
  0x000000000323e000 JavaThread "main" [_thread_blocked, id=1608, stack(0x0000000003060000,0x0000000003160000)]

Other Threads:
  0x0000000018279000 VMThread [stack: 0x0000000019f70000,0x000000001a070000] [id=8156]
  0x000000001a26e800 WatcherThread [stack: 0x000000001ae60000,0x000000001af60000] [id=12488]

VM state:not at safepoint (normal execution)

VM Mutex/Monitor currently owned by a thread: None

Heap:
 PSYoungGen      total 107008K, used 32479K [0x00000000d6000000, 0x00000000df480000, 0x0000000100000000)
  eden space 94720K, 24% used [0x00000000d6000000,0x00000000d7674110,0x00000000dbc80000)
  from space 12288K, 77% used [0x00000000dbc80000,0x00000000dc5c3e98,0x00000000dc880000)
  to   space 12800K, 0% used [0x00000000de800000,0x00000000de800000,0x00000000df480000)
 ParOldGen       total 80896K, used 23570K [0x0000000082000000, 0x0000000086f00000, 0x00000000d6000000)
  object space 80896K, 29% used [0x0000000082000000,0x0000000083704b90,0x0000000086f00000)
 Metaspace       used 28288K, capacity 30002K, committed 30208K, reserved 1075200K
  class space    used 3915K, capacity 4228K, committed 4352K, reserved 1048576K

Card table byte_map: [0x0000000012700000,0x0000000012b00000] byte_map_base: 0x00000000122f0000

Marking Bits: (ParMarkBitMap*) 0x000000006b132f70
 Begin Bits: [0x00000000135a0000, 0x0000000015520000)
 End Bits:   [0x0000000015520000, 0x00000000174a0000)

Polling page: 0x00000000018e0000

CodeCache: size=245760Kb used=13404Kb max_used=13437Kb free=232355Kb
 bounds [0x0000000003340000, 0x0000000004070000, 0x0000000012340000]
 total_blobs=4895 nmethods=4067 adapters=739
 compilation: enabled

Compilation events (10 events):
Event: 3.158 Thread 0x000000001a1b5800 nmethod 3953 0x0000000003fcfad0 code [0x0000000003fcfc80, 0x0000000003fd04e8]
Event: 3.158 Thread 0x000000001a1b5800 3954       3       java.util.Collections$EmptyList::equals (25 bytes)
Event: 3.159 Thread 0x000000001a1b5800 nmethod 3954 0x0000000003fd0750 code [0x0000000003fd08e0, 0x0000000003fd0da8]
Event: 3.159 Thread 0x000000001a1b5800 3950       3       java.util.regex.Pattern$BranchConn::match (11 bytes)
Event: 3.159 Thread 0x000000001a1b5800 nmethod 3950 0x0000000003fd0e90 code [0x0000000003fd1000, 0x0000000003fd1228]
Event: 3.159 Thread 0x000000001a1b5800 3955  s!   3       sun.security.ssl.JsseJce::isEcAvailable (61 bytes)
Event: 3.160 Thread 0x000000001a1b5800 nmethod 3955 0x0000000003fd1310 code [0x0000000003fd15e0, 0x0000000003fd2638]
Event: 3.160 Thread 0x000000001a1b5800 3958       1       javafx.geometry.Bounds::getHeight (5 bytes)
Event: 3.160 Thread 0x000000001a1b5800 nmethod 3958 0x0000000003fd30d0 code [0x0000000003fd3220, 0x0000000003fd3330]
Event: 3.160 Thread 0x000000001a1b5800 3956       3       com.sun.javafx.scene.control.skin.VirtualFlow$ArrayLinkedList::addLast (101 bytes)

GC Heap History (10 events):
Event: 2.181 GC heap before
{Heap before GC invocations=6 (full 1):
 PSYoungGen      total 46592K, used 46577K [0x00000000d6000000, 0x00000000d9480000, 0x0000000100000000)
  eden space 41472K, 100% used [0x00000000d6000000,0x00000000d8880000,0x00000000d8880000)
  from space 5120K, 99% used [0x00000000d8d80000,0x00000000d927c490,0x00000000d9280000)
  to   space 5120K, 0% used [0x00000000d8880000,0x00000000d8880000,0x00000000d8d80000)
 ParOldGen       total 80896K, used 19434K [0x0000000082000000, 0x0000000086f00000, 0x00000000d6000000)
  object space 80896K, 24% used [0x0000000082000000,0x00000000832fab70,0x0000000086f00000)
 Metaspace       used 26524K, capacity 28040K, committed 28160K, reserved 1073152K
  class space    used 3779K, capacity 4085K, committed 4096K, reserved 1048576K
Event: 2.185 GC heap after
Heap after GC invocations=6 (full 1):
 PSYoungGen      total 46592K, used 3601K [0x00000000d6000000, 0x00000000db500000, 0x0000000100000000)
  eden space 41472K, 0% used [0x00000000d6000000,0x00000000d6000000,0x00000000d8880000)
  from space 5120K, 70% used [0x00000000d8880000,0x00000000d8c046e0,0x00000000d8d80000)
  to   space 13312K, 0% used [0x00000000da800000,0x00000000da800000,0x00000000db500000)
 ParOldGen       total 80896K, used 23538K [0x0000000082000000, 0x0000000086f00000, 0x00000000d6000000)
  object space 80896K, 29% used [0x0000000082000000,0x00000000836fcb90,0x0000000086f00000)
 Metaspace       used 26524K, capacity 28040K, committed 28160K, reserved 1073152K
  class space    used 3779K, capacity 4085K, committed 4096K, reserved 1048576K
}
Event: 2.360 GC heap before
{Heap before GC invocations=7 (full 1):
 PSYoungGen      total 46592K, used 45073K [0x00000000d6000000, 0x00000000db500000, 0x0000000100000000)
  eden space 41472K, 99% used [0x00000000d6000000,0x00000000d887ff40,0x00000000d8880000)
  from space 5120K, 70% used [0x00000000d8880000,0x00000000d8c046e0,0x00000000d8d80000)
  to   space 13312K, 0% used [0x00000000da800000,0x00000000da800000,0x00000000db500000)
 ParOldGen       total 80896K, used 23538K [0x0000000082000000, 0x0000000086f00000, 0x00000000d6000000)
  object space 80896K, 29% used [0x0000000082000000,0x00000000836fcb90,0x0000000086f00000)
 Metaspace       used 26974K, capacity 28548K, committed 28800K, reserved 1073152K
  class space    used 3847K, capacity 4143K, committed 4224K, reserved 1048576K
Event: 2.364 GC heap after
Heap after GC invocations=7 (full 1):
 PSYoungGen      total 74240K, used 5169K [0x00000000d6000000, 0x00000000db500000, 0x0000000100000000)
  eden space 60928K, 0% used [0x00000000d6000000,0x00000000d6000000,0x00000000d9b80000)
  from space 13312K, 38% used [0x00000000da800000,0x00000000dad0c6c0,0x00000000db500000)
  to   space 12800K, 0% used [0x00000000d9b80000,0x00000000d9b80000,0x00000000da800000)
 ParOldGen       total 80896K, used 23546K [0x0000000082000000, 0x0000000086f00000, 0x00000000d6000000)
  object space 80896K, 29% used [0x0000000082000000,0x00000000836feb90,0x0000000086f00000)
 Metaspace       used 26974K, capacity 28548K, committed 28800K, reserved 1073152K
  class space    used 3847K, capacity 4143K, committed 4224K, reserved 1048576K
}
Event: 2.450 GC heap before
{Heap before GC invocations=8 (full 1):
 PSYoungGen      total 74240K, used 66097K [0x00000000d6000000, 0x00000000db500000, 0x0000000100000000)
  eden space 60928K, 100% used [0x00000000d6000000,0x00000000d9b80000,0x00000000d9b80000)
  from space 13312K, 38% used [0x00000000da800000,0x00000000dad0c6c0,0x00000000db500000)
  to   space 12800K, 0% used [0x00000000d9b80000,0x00000000d9b80000,0x00000000da800000)
 ParOldGen       total 80896K, used 23546K [0x0000000082000000, 0x0000000086f00000, 0x00000000d6000000)
  object space 80896K, 29% used [0x0000000082000000,0x00000000836feb90,0x0000000086f00000)
 Metaspace       used 27079K, capacity 28612K, committed 28800K, reserved 1073152K
  class space    used 3847K, capacity 4143K, committed 4224K, reserved 1048576K
Event: 2.455 GC heap after
Heap after GC invocations=8 (full 1):
 PSYoungGen      total 73728K, used 6850K [0x00000000d6000000, 0x00000000dd580000, 0x0000000100000000)
  eden space 60928K, 0% used [0x00000000d6000000,0x00000000d6000000,0x00000000d9b80000)
  from space 12800K, 53% used [0x00000000d9b80000,0x00000000da230ba8,0x00000000da800000)
  to   space 12288K, 0% used [0x00000000dc980000,0x00000000dc980000,0x00000000dd580000)
 ParOldGen       total 80896K, used 23554K [0x0000000082000000, 0x0000000086f00000, 0x00000000d6000000)
  object space 80896K, 29% used [0x0000000082000000,0x0000000083700b90,0x0000000086f00000)
 Metaspace       used 27079K, capacity 28612K, committed 28800K, reserved 1073152K
  class space    used 3847K, capacity 4143K, committed 4224K, reserved 1048576K
}
Event: 2.763 GC heap before
{Heap before GC invocations=9 (full 1):
 PSYoungGen      total 73728K, used 67768K [0x00000000d6000000, 0x00000000dd580000, 0x0000000100000000)
  eden space 60928K, 99% used [0x00000000d6000000,0x00000000d9b7d608,0x00000000d9b80000)
  from space 12800K, 53% used [0x00000000d9b80000,0x00000000da230ba8,0x00000000da800000)
  to   space 12288K, 0% used [0x00000000dc980000,0x00000000dc980000,0x00000000dd580000)
 ParOldGen       total 80896K, used 23554K [0x0000000082000000, 0x0000000086f00000, 0x00000000d6000000)
  object space 80896K, 29% used [0x0000000082000000,0x0000000083700b90,0x0000000086f00000)
 Metaspace       used 27734K, capacity 29300K, committed 29568K, reserved 1075200K
  class space    used 3883K, capacity 4177K, committed 4224K, reserved 1048576K
Event: 2.771 GC heap after
Heap after GC invocations=9 (full 1):
 PSYoungGen      total 105984K, used 8440K [0x00000000d6000000, 0x00000000dd480000, 0x0000000100000000)
  eden space 94720K, 0% used [0x00000000d6000000,0x00000000d6000000,0x00000000dbc80000)
  from space 11264K, 74% used [0x00000000dc980000,0x00000000dd1be270,0x00000000dd480000)
  to   space 12288K, 0% used [0x00000000dbc80000,0x00000000dbc80000,0x00000000dc880000)
 ParOldGen       total 80896K, used 23562K [0x0000000082000000, 0x0000000086f00000, 0x00000000d6000000)
  object space 80896K, 29% used [0x0000000082000000,0x0000000083702b90,0x0000000086f00000)
 Metaspace       used 27734K, capacity 29300K, committed 29568K, reserved 1075200K
  class space    used 3883K, capacity 4177K, committed 4224K, reserved 1048576K
}
Event: 3.108 GC heap before
{Heap before GC invocations=10 (full 1):
 PSYoungGen      total 105984K, used 103155K [0x00000000d6000000, 0x00000000dd480000, 0x0000000100000000)
  eden space 94720K, 99% used [0x00000000d6000000,0x00000000dbc7ecc0,0x00000000dbc80000)
  from space 11264K, 74% used [0x00000000dc980000,0x00000000dd1be270,0x00000000dd480000)
  to   space 12288K, 0% used [0x00000000dbc80000,0x00000000dbc80000,0x00000000dc880000)
 ParOldGen       total 80896K, used 23562K [0x0000000082000000, 0x0000000086f00000, 0x00000000d6000000)
  object space 80896K, 29% used [0x0000000082000000,0x0000000083702b90,0x0000000086f00000)
 Metaspace       used 28147K, capacity 29792K, committed 29952K, reserved 1075200K
  class space    used 3911K, capacity 4225K, committed 4352K, reserved 1048576K
Event: 3.117 GC heap after
Heap after GC invocations=10 (full 1):
 PSYoungGen      total 107008K, used 9487K [0x00000000d6000000, 0x00000000df480000, 0x0000000100000000)
  eden space 94720K, 0% used [0x00000000d6000000,0x00000000d6000000,0x00000000dbc80000)
  from space 12288K, 77% used [0x00000000dbc80000,0x00000000dc5c3e98,0x00000000dc880000)
  to   space 12800K, 0% used [0x00000000de800000,0x00000000de800000,0x00000000df480000)
 ParOldGen       total 80896K, used 23570K [0x0000000082000000, 0x0000000086f00000, 0x00000000d6000000)
  object space 80896K, 29% used [0x0000000082000000,0x0000000083704b90,0x0000000086f00000)
 Metaspace       used 28147K, capacity 29792K, committed 29952K, reserved 1075200K
  class space    used 3911K, capacity 4225K, committed 4352K, reserved 1048576K
}

Deoptimization events (10 events):
Event: 2.163 Thread 0x000000001afb4800 Uncommon trap: reason=unstable_if action=reinterpret pc=0x00000000039e0b78 method=com.sun.javafx.css.ParsedValueImpl.containsFontRelativeSize(Ljavafx/css/ParsedValue;Z)Z @ 111
Event: 2.188 Thread 0x000000001afb4800 Uncommon trap: reason=unstable_if action=reinterpret pc=0x00000000038f2e9c method=com.sun.javafx.css.BitSet.addAll(Ljava/util/Collection;)Z @ 1
Event: 2.188 Thread 0x000000001afb4800 Uncommon trap: reason=unstable_if action=reinterpret pc=0x00000000039686e4 method=com.sun.javafx.css.StyleManager.getStyleMap(Ljavafx/css/Styleable;Ljavafx/scene/SubScene;I)Lcom/sun/javafx/css/StyleMap; @ 2
Event: 2.305 Thread 0x000000001afb4800 Uncommon trap: reason=array_check action=maybe_recompile pc=0x0000000003c55bcc method=com.sun.javafx.css.CompoundSelector.applies(Ljavafx/css/Styleable;[Ljava/util/Set;I)Z @ 128
Event: 2.305 Thread 0x000000001afb4800 Uncommon trap: reason=array_check action=maybe_recompile pc=0x0000000003c55bcc method=com.sun.javafx.css.CompoundSelector.applies(Ljavafx/css/Styleable;[Ljava/util/Set;I)Z @ 128
Event: 2.307 Thread 0x000000001afb4800 Uncommon trap: reason=array_check action=maybe_recompile pc=0x0000000003c55bcc method=com.sun.javafx.css.CompoundSelector.applies(Ljavafx/css/Styleable;[Ljava/util/Set;I)Z @ 128
Event: 2.307 Thread 0x000000001afb4800 Uncommon trap: reason=array_check action=maybe_recompile pc=0x0000000003c55bcc method=com.sun.javafx.css.CompoundSelector.applies(Ljavafx/css/Styleable;[Ljava/util/Set;I)Z @ 128
Event: 2.537 Thread 0x000000001afb4800 Uncommon trap: reason=unstable_if action=reinterpret pc=0x0000000003cfd6dc method=javafx.scene.Parent.setChildDirty(Ljavafx/scene/Node;Z)V @ 22
Event: 2.943 Thread 0x000000001f00d000 Uncommon trap: reason=unstable_if action=reinterpret pc=0x000000000373a2c4 method=java.lang.String.indexOf([CII[CIII)I @ 27
Event: 2.962 Thread 0x000000001afb4800 Uncommon trap: reason=unstable_if action=reinterpret pc=0x0000000003cf6284 method=javafx.scene.Parent.setChildDirty(Ljavafx/scene/Node;Z)V @ 22

Internal exceptions (10 events):
Event: 2.188 Thread 0x000000001afb4800 Implicit null exception at 0x00000000038f2971 to 0x00000000038f2e85
Event: 2.499 Thread 0x000000001afb4800 Exception <a 'netscape/javascript/JSException'> (0x00000000d6107258) thrown at [C:\re\workspace\8-2-build-windows-amd64-cygwin\jdk8u91\7017\hotspot\src\share\vm\prims\jni.cpp, line 709]
Event: 2.499 Thread 0x000000001afb4800 Exception <a 'netscape/javascript/JSException'> (0x00000000d6107258) thrown at [C:\re\workspace\8-2-build-windows-amd64-cygwin\jdk8u91\7017\hotspot\src\share\vm\prims\jvm.cpp, line 1390]
Event: 2.501 Thread 0x000000001afb4800 Exception <a 'netscape/javascript/JSException'> (0x00000000d6d33af8) thrown at [C:\re\workspace\8-2-build-windows-amd64-cygwin\jdk8u91\7017\hotspot\src\share\vm\prims\jni.cpp, line 709]
Event: 2.501 Thread 0x000000001afb4800 Exception <a 'netscape/javascript/JSException'> (0x00000000d6d33af8) thrown at [C:\re\workspace\8-2-build-windows-amd64-cygwin\jdk8u91\7017\hotspot\src\share\vm\prims\jvm.cpp, line 1390]
Event: 2.502 Thread 0x000000001afb4800 Exception <a 'netscape/javascript/JSException'> (0x00000000d6d39c38) thrown at [C:\re\workspace\8-2-build-windows-amd64-cygwin\jdk8u91\7017\hotspot\src\share\vm\prims\jni.cpp, line 709]
Event: 2.502 Thread 0x000000001afb4800 Exception <a 'netscape/javascript/JSException'> (0x00000000d6d39c38) thrown at [C:\re\workspace\8-2-build-windows-amd64-cygwin\jdk8u91\7017\hotspot\src\share\vm\prims\jvm.cpp, line 1390]
Event: 2.503 Thread 0x000000001afb4800 Exception <a 'netscape/javascript/JSException'> (0x00000000d6d3fd58) thrown at [C:\re\workspace\8-2-build-windows-amd64-cygwin\jdk8u91\7017\hotspot\src\share\vm\prims\jni.cpp, line 709]
Event: 2.503 Thread 0x000000001afb4800 Exception <a 'netscape/javascript/JSException'> (0x00000000d6d3fd58) thrown at [C:\re\workspace\8-2-build-windows-amd64-cygwin\jdk8u91\7017\hotspot\src\share\vm\prims\jvm.cpp, line 1390]
Event: 2.830 Thread 0x000000001afb4800 Exception <a 'java/lang/ClassNotFoundException': sun/net/www/protocol/about/Handler> (0x00000000d71bf120) thrown at [C:\re\workspace\8-2-build-windows-amd64-cygwin\jdk8u91\7017\hotspot\src\share\vm\classfile\systemDictionary.cpp, line 210]

Events (10 events):
Event: 3.133 Thread 0x000000001f00e800 Thread added: 0x000000001f00e800
Event: 3.134 Thread 0x000000001f00c800 Thread exited: 0x000000001f00c800
Event: 3.144 Thread 0x000000001f00c800 Thread added: 0x000000001f00c800
Event: 3.144 Thread 0x000000001f00c800 Thread exited: 0x000000001f00c800
Event: 3.153 loading class image/explorer/view/ImageExplorerController$4
Event: 3.153 loading class image/explorer/view/ImageExplorerController$4 done
Event: 3.155 Thread 0x000000001f00c800 Thread added: 0x000000001f00c800
Event: 3.156 Thread 0x0000000029d48800 Thread added: 0x0000000029d48800
Event: 3.160 loading class main/java/com/lynden/gmapsfx/javascript/object/MarkerOptions
Event: 3.160 loading class main/java/com/lynden/gmapsfx/javascript/object/MarkerOptions done


Dynamic libraries:
0x00007ff799810000 - 0x00007ff799847000 	C:\Program Files\Java\jre1.8.0_91\bin\javaw.exe
0x00007ffa05170000 - 0x00007ffa05341000 	C:\WINDOWS\SYSTEM32\ntdll.dll
0x00007ffa02b30000 - 0x00007ffa02bdb000 	C:\WINDOWS\System32\KERNEL32.DLL
0x00007ffa02470000 - 0x00007ffa0268d000 	C:\WINDOWS\System32\KERNELBASE.dll
0x00007ffa044f0000 - 0x00007ffa04592000 	C:\WINDOWS\System32\ADVAPI32.dll
0x00007ffa02a30000 - 0x00007ffa02ace000 	C:\WINDOWS\System32\msvcrt.dll
0x00007ffa02700000 - 0x00007ffa02759000 	C:\WINDOWS\System32\sechost.dll
0x00007ffa02760000 - 0x00007ffa02881000 	C:\WINDOWS\System32\RPCRT4.dll
0x00007ffa04110000 - 0x00007ffa04275000 	C:\WINDOWS\System32\USER32.dll
0x00007ffa026e0000 - 0x00007ffa026fe000 	C:\WINDOWS\System32\win32u.dll
0x00007ffa04a40000 - 0x00007ffa04a74000 	C:\WINDOWS\System32\GDI32.dll
0x00007ffa022e0000 - 0x00007ffa02462000 	C:\WINDOWS\System32\gdi32full.dll
0x00007ff9ed520000 - 0x00007ff9ed79a000 	C:\WINDOWS\WinSxS\amd64_microsoft.windows.common-controls_6595b64144ccf1df_6.0.14393.953_none_42151e83c686086b\COMCTL32.dll
0x00007ffa04de0000 - 0x00007ffa050a8000 	C:\WINDOWS\System32\combase.dll
0x00007ffa01950000 - 0x00007ffa01a45000 	C:\WINDOWS\System32\ucrtbase.dll
0x00007ffa01660000 - 0x00007ffa016ca000 	C:\WINDOWS\System32\bcryptPrimitives.dll
0x00007ffa04c30000 - 0x00007ffa04c5e000 	C:\WINDOWS\System32\IMM32.DLL
0x000000006bf90000 - 0x000000006c062000 	C:\Program Files\Java\jre1.8.0_91\bin\msvcr100.dll
0x000000006a920000 - 0x000000006b1b3000 	C:\Program Files\Java\jre1.8.0_91\bin\server\jvm.dll
0x00007ffa04a80000 - 0x00007ffa04a88000 	C:\WINDOWS\System32\PSAPI.DLL
0x00007ff9ef760000 - 0x00007ff9ef769000 	C:\WINDOWS\SYSTEM32\WSOCK32.dll
0x00007ff9f5950000 - 0x00007ff9f595a000 	C:\WINDOWS\SYSTEM32\VERSION.dll
0x00007ff9ff960000 - 0x00007ff9ff983000 	C:\WINDOWS\SYSTEM32\WINMM.dll
0x00007ffa04280000 - 0x00007ffa042ea000 	C:\WINDOWS\System32\WS2_32.dll
0x00007ff9ff930000 - 0x00007ff9ff95b000 	C:\WINDOWS\SYSTEM32\WINMMBASE.dll
0x00007ffa02690000 - 0x00007ffa026d2000 	C:\WINDOWS\System32\cfgmgr32.dll
0x000000006bef0000 - 0x000000006beff000 	C:\Program Files\Java\jre1.8.0_91\bin\verify.dll
0x000000006b370000 - 0x000000006b399000 	C:\Program Files\Java\jre1.8.0_91\bin\java.dll
0x000000006b350000 - 0x000000006b366000 	C:\Program Files\Java\jre1.8.0_91\bin\zip.dll
0x00007ffa02be0000 - 0x00007ffa040e8000 	C:\WINDOWS\System32\SHELL32.dll
0x00007ffa01c00000 - 0x00007ffa022da000 	C:\WINDOWS\System32\windows.storage.dll
0x00007ffa01610000 - 0x00007ffa0165c000 	C:\WINDOWS\System32\powrprof.dll
0x00007ffa02ad0000 - 0x00007ffa02b22000 	C:\WINDOWS\System32\shlwapi.dll
0x00007ffa015e0000 - 0x00007ffa015ef000 	C:\WINDOWS\System32\kernel.appcore.dll
0x00007ffa01a50000 - 0x00007ffa01af9000 	C:\WINDOWS\System32\shcore.dll
0x00007ffa015f0000 - 0x00007ffa01604000 	C:\WINDOWS\System32\profapi.dll
0x00007ff9ead60000 - 0x00007ff9eae4f000 	C:\Program Files\Java\jre1.8.0_91\bin\msvcr120.dll
0x00007ff9d9050000 - 0x00007ff9d90f6000 	C:\Program Files\Java\jre1.8.0_91\bin\msvcp120.dll
0x000000006bf60000 - 0x000000006bf83000 	C:\Program Files\Java\jre1.8.0_91\bin\prism_d3d.dll
0x00007ff9ccf20000 - 0x00007ff9cd0ad000 	C:\WINDOWS\system32\d3d9.dll
0x00007ff9ff460000 - 0x00007ff9ff486000 	C:\WINDOWS\SYSTEM32\dwmapi.dll
0x00007ff9ffd10000 - 0x00007ff9ffda5000 	C:\WINDOWS\system32\uxtheme.dll
0x00007ff9cc4b0000 - 0x00007ff9ccf1e000 	C:\WINDOWS\SYSTEM32\igdumdim64.dll
0x00007ff9fb110000 - 0x00007ff9fb574000 	C:\WINDOWS\SYSTEM32\igdusc64.dll
0x000000006bf10000 - 0x000000006bf53000 	C:\Program Files\Java\jre1.8.0_91\bin\glass.dll
0x00007ffa04ce0000 - 0x00007ffa04dda000 	C:\WINDOWS\System32\COMDLG32.dll
0x00007ffa02890000 - 0x00007ffa029c7000 	C:\WINDOWS\System32\ole32.dll
0x00007ffa050b0000 - 0x00007ffa0516f000 	C:\WINDOWS\System32\OLEAUT32.dll
0x00007ffa01b60000 - 0x00007ffa01bfc000 	C:\WINDOWS\System32\msvcp_win.dll
0x00007ffa04390000 - 0x00007ffa044ea000 	C:\WINDOWS\System32\MSCTF.dll
0x000000006be80000 - 0x000000006be94000 	C:\Program Files\Java\jre1.8.0_91\bin\javafx_font.dll
0x00007ff9f6cd0000 - 0x00007ff9f6f39000 	C:\WINDOWS\SYSTEM32\dwrite.dll
0x00007ffa042f0000 - 0x00007ffa0438f000 	C:\WINDOWS\System32\clbcatq.dll
0x00007ff9fde80000 - 0x00007ff9fe028000 	C:\WINDOWS\SYSTEM32\WindowsCodecs.dll
0x00007ff9e31f0000 - 0x00007ff9e3239000 	C:\WINDOWS\system32\dataexchange.dll
0x00007ff9fedb0000 - 0x00007ff9fef01000 	C:\WINDOWS\system32\dcomp.dll
0x00007ff9fd9d0000 - 0x00007ff9fdc86000 	C:\WINDOWS\system32\d3d11.dll
0x00007ffa00550000 - 0x00007ffa005ef000 	C:\WINDOWS\system32\dxgi.dll
0x00007ff9fff50000 - 0x00007ffa0006c000 	C:\WINDOWS\system32\twinapi.appcore.dll
0x00007ffa01510000 - 0x00007ffa0153b000 	C:\WINDOWS\system32\bcrypt.dll
0x00007ff9ead20000 - 0x00007ff9ead52000 	C:\Program Files\Common Files\Microsoft Shared\Ink\rtscom.dll
0x0000000068390000 - 0x000000006a91e000 	C:\Program Files\Java\jre1.8.0_91\bin\jfxwebkit.dll
0x00007ffa01050000 - 0x00007ffa01067000 	C:\WINDOWS\SYSTEM32\CRYPTSP.dll
0x00007ffa00aa0000 - 0x00007ffa00ad3000 	C:\WINDOWS\system32\rsaenh.dll
0x00007ffa01040000 - 0x00007ffa0104b000 	C:\WINDOWS\SYSTEM32\CRYPTBASE.dll
0x000000006b330000 - 0x000000006b34a000 	C:\Program Files\Java\jre1.8.0_91\bin\net.dll
0x00007ffa00ea0000 - 0x00007ffa00efc000 	C:\WINDOWS\system32\mswsock.dll
0x000000006b310000 - 0x000000006b321000 	C:\Program Files\Java\jre1.8.0_91\bin\nio.dll
0x000000006be50000 - 0x000000006be73000 	C:\Program Files\Java\jre1.8.0_91\bin\javafx_iio.dll
0x00007ffa00c60000 - 0x00007ffa00d01000 	C:\WINDOWS\SYSTEM32\DNSAPI.dll
0x00007ffa04c60000 - 0x00007ffa04c68000 	C:\WINDOWS\System32\NSI.dll
0x00007ffa00c20000 - 0x00007ffa00c58000 	C:\WINDOWS\SYSTEM32\IPHLPAPI.DLL
0x000000006c620000 - 0x000000006c646000 	C:\Program Files\Bonjour\mdnsNSP.dll
0x00007ff9f4070000 - 0x00007ff9f407a000 	C:\Windows\System32\rasadhlp.dll
0x00007ff9f7dd0000 - 0x00007ff9f7e3a000 	C:\WINDOWS\System32\fwpuclnt.dll
0x000000006c070000 - 0x000000006c094000 	C:\Program Files\Java\jre1.8.0_91\bin\sunec.dll
0x00007ffa00d20000 - 0x00007ffa00d3f000 	C:\WINDOWS\SYSTEM32\USERENV.dll
0x00007ff9fcd10000 - 0x00007ff9fcd26000 	C:\WINDOWS\SYSTEM32\dhcpcsvc6.DLL
0x00007ff9fccf0000 - 0x00007ff9fcd0a000 	C:\WINDOWS\SYSTEM32\dhcpcsvc.DLL
0x00007ff9ec7a0000 - 0x00007ff9ec7b6000 	C:\WINDOWS\system32\napinsp.dll
0x00007ff9ec7c0000 - 0x00007ff9ec7da000 	C:\WINDOWS\system32\pnrpnsp.dll
0x00007ff9ff7a0000 - 0x00007ff9ff7b8000 	C:\WINDOWS\system32\NLAapi.dll
0x00007ff9ec7e0000 - 0x00007ff9ec7ee000 	C:\WINDOWS\System32\winrnr.dll
0x00007ff9fb820000 - 0x00007ff9fb835000 	C:\WINDOWS\System32\wshbth.dll
0x000000006be30000 - 0x000000006be41000 	C:\Program Files\Java\jre1.8.0_91\bin\prism_common.dll
0x00007ff9edbf0000 - 0x00007ff9edd82000 	C:\WINDOWS\SYSTEM32\dbghelp.dll

VM Arguments:
jvm_args: -Dfile.encoding=Cp1252 
java_command: image.explorer.MainApp
java_class_path (initial): C:\Users\Adam\Documents\College Stuff\Eclipse Neon Workspace\ImageExplorer\bin;C:\Users\Adam\.p2\pool\plugins\org.eclipse.fx.ide.css.jfx8_2.4.0.201605112122.jar;C:\Users\Adam\Documents\College Stuff\Eclipse Neon Workspace\ImageExplorer\mysql-connector-java-5.1.40-bin.jar;C:\Users\Adam\.p2\pool\plugins\org.junit_4.12.0.v201504281640\junit.jar;C:\Users\Adam\.p2\pool\plugins\org.hamcrest.core_1.3.0.v201303031735.jar;C:\Users\Adam\Documents\College Stuff\Eclipse Neon Workspace\ImageExplorer\jsch-0.1.54.jar;C:\Users\Adam\Documents\College Stuff\Eclipse Neon Workspace\ImageExplorer\json_simple-1.1.jar
Launcher Type: SUN_STANDARD

Environment Variables:
USERNAME=Adam
OS=Windows_NT
PROCESSOR_IDENTIFIER=Intel64 Family 6 Model 58 Stepping 9, GenuineIntel



---------------  S Y S T E M  ---------------

OS: Windows 10.0 , 64 bit Build 14393 (10.0.14393.0)

CPU:total 8 (4 cores per cpu, 2 threads per core) family 6 model 58 stepping 9, cmov, cx8, fxsr, mmx, sse, sse2, sse3, ssse3, sse4.1, sse4.2, popcnt, avx, aes, clmul, erms, ht, tsc, tscinvbit, tscinv

Memory: 4k page, physical 8254744k(1926624k free), swap 15183700k(1679456k free)

vm_info: Java HotSpot(TM) 64-Bit Server VM (25.91-b15) for windows-amd64 JRE (1.8.0_91-b15), built on May 20 2016 17:43:15 by "java_re" with MS VC++ 10.0 (VS2010)

time: Thu May 11 23:54:23 2017
elapsed time: 3 seconds (0d 0h 0m 3s)

