#
# A fatal error has been detected by the Java Runtime Environment:
#
#  EXCEPTION_ACCESS_VIOLATION (0xc0000005) at pc=0x0000000069109fd0, pid=7308, tid=18192
#
# JRE version: Java(TM) SE Runtime Environment (8.0_91-b15) (build 1.8.0_91-b15)
# Java VM: Java HotSpot(TM) 64-Bit Server VM (25.91-b15 mixed mode windows-amd64 compressed oops)
# Problematic frame:
# C  [jfxwebkit.dll+0xd79fd0]
#
# Failed to write core dump. Minidumps are not enabled by default on client versions of Windows
#
# If you would like to submit a bug report, please visit:
#   http://bugreport.java.com/bugreport/crash.jsp
# The crash happened outside the Java Virtual Machine in native code.
# See problematic frame for where to report the bug.
#

---------------  T H R E A D  ---------------

Current thread (0x000000001a530800):  JavaThread "JavaFX Application Thread" [_thread_in_native, id=18192, stack(0x000000001afc0000,0x000000001b0c0000)]

siginfo: ExceptionCode=0xc0000005, reading address 0x0000000000000020

Registers:
RAX=0x000000000000007b, RBX=0x000000000000000a, RCX=0x0000000069109fc0, RDX=0x0000000068390000
RSP=0x000000001b0bb580, RBP=0x000000001b0bb680, RSI=0x0000000027e9c9b0, RDI=0x0000000000000031
R8 =0x0001000000000000, R9 =0xffff000000000000, R10=0x0000000000000000, R11=0xffff000000000002
R12=0x0000000000000000, R13=0x00000000213afc50, R14=0x0000000026b27700, R15=0x0000000026a11288
RIP=0x0000000069109fd0, EFLAGS=0x0000000000010212

Top of Stack: (sp=0x000000001b0bb580)
0x000000001b0bb580:   0000000021d5f970 000000001b0bb680
0x000000001b0bb590:   0000000026c02740 000000001b0bb720
0x000000001b0bb5a0:   000000000000000a 0000000027e9c9b0
0x000000001b0bb5b0:   0000000000000031 0000000000000000
0x000000001b0bb5c0:   00000000213afc80 0000000021d5f970
0x000000001b0bb5d0:   badbeef00000007b 000000002c4166d0
0x000000001b0bb5e0:   000000001a530800 000000006aab1741
0x000000001b0bb5f0:   000000001b0bb720 000000002c4166d0
0x000000001b0bb600:   000000001b0bbbc0 000000001b0bbbd0
0x000000001b0bb610:   000000001b0bb6a0 000000006bff8d94
0x000000001b0bb620:   000000001a5309f8 0000000000000000
0x000000001b0bb630:   000000002c4166d0 000000000000077c
0x000000001b0bb640:   000000001a5309f8 000000006b371eaa
0x000000001b0bb650:   000000001a5309f8 000000002c4166d0
0x000000001b0bb660:   000000001b0bb720 000000001b0bb6a0
0x000000001b0bb670:   000000000000077c 000000001b0bbbe8 

Instructions: (pc=0x0000000069109fd0)
0x0000000069109fb0:   00 00 00 49 83 c5 10 e9 7d 7c 00 00 0f 1f 40 00
0x0000000069109fc0:   49 83 7c 24 10 01 74 08 4d 8b 24 24 0f 1f 40 00
0x0000000069109fd0:   49 8b 44 24 20 4d 8b 7c 24 18 4d 8d 6c 24 30 4c
0x0000000069109fe0:   89 b8 b0 a1 00 00 4d 8b 65 00 49 8b 4d 08 4c 89 


Register to memory mapping:

RAX=0x000000000000007b is an unknown value
RBX=0x000000000000000a is an unknown value
RCX=0x0000000069109fc0 is an unknown value
RDX=0x0000000068390000 is an unknown value
RSP=0x000000001b0bb580 is pointing into the stack for thread: 0x000000001a530800
RBP=0x000000001b0bb680 is pointing into the stack for thread: 0x000000001a530800
RSI=0x0000000027e9c9b0 is an unknown value
RDI=0x0000000000000031 is an unknown value
R8 =0x0001000000000000 is an unknown value
R9 =0xffff000000000000 is an unknown value
R10=0x0000000000000000 is an unknown value
R11=0xffff000000000002 is an unknown value
R12=0x0000000000000000 is an unknown value
R13=0x00000000213afc50 is an unknown value
R14=0x0000000026b27700 is an unknown value
R15=0x0000000026a11288 is an unknown value


Stack: [0x000000001afc0000,0x000000001b0c0000],  sp=0x000000001b0bb580,  free space=1005k
Native frames: (J=compiled Java code, j=interpreted, Vv=VM code, C=native code)
C  [jfxwebkit.dll+0xd79fd0]
C  [jfxwebkit.dll+0xd4b423]
C  [jfxwebkit.dll+0xc5127e]
C  [jfxwebkit.dll+0xc4e7b3]
C  [jfxwebkit.dll+0xbea9fe]
C  [jfxwebkit.dll+0xc23773]
C  [jfxwebkit.dll+0x893d0d]
C  [jfxwebkit.dll+0x8abc6b]
C  0x0000000002907f54

Java frames: (J=compiled Java code, j=interpreted, Vv=VM code)
j  com.sun.webkit.WebPage.twkExecuteScript(JLjava/lang/String;)Ljava/lang/Object;+0
j  com.sun.webkit.WebPage.executeScript(JLjava/lang/String;)Ljava/lang/Object;+107
j  javafx.scene.web.WebEngine.executeScript(Ljava/lang/String;)Ljava/lang/Object;+19
j  main.java.com.lynden.gmapsfx.javascript.JavaFxWebEngine.executeScript(Ljava/lang/String;)Ljava/lang/Object;+5
j  main.java.com.lynden.gmapsfx.javascript.JavascriptRuntime.execute(Ljava/lang/String;)Lnetscape/javascript/JSObject;+4
j  main.java.com.lynden.gmapsfx.javascript.JavascriptObject.<init>(Ljava/lang/String;[Ljava/lang/Object;)V+61
j  main.java.com.lynden.gmapsfx.javascript.JavascriptObject.<init>(Ljava/lang/String;)V+3
j  main.java.com.lynden.gmapsfx.javascript.object.MarkerOptions.<init>()V+3
j  image.explorer.view.ImageExplorerController$5.run()V+4
j  com.sun.javafx.application.PlatformImpl.lambda$null$173(Ljava/lang/Runnable;)Ljava/lang/Void;+1
j  com.sun.javafx.application.PlatformImpl$$Lambda$50.run()Ljava/lang/Object;+4
v  ~StubRoutines::call_stub
J 2579  java.security.AccessController.doPrivileged(Ljava/security/PrivilegedAction;Ljava/security/AccessControlContext;)Ljava/lang/Object; (0 bytes) @ 0x00000000030ca526 [0x00000000030ca4c0+0x66]
j  com.sun.javafx.application.PlatformImpl.lambda$runLater$174(Ljava/lang/Runnable;Ljava/security/AccessControlContext;)V+7
j  com.sun.javafx.application.PlatformImpl$$Lambda$49.run()V+8
J 2895 C1 com.sun.glass.ui.InvokeLaterDispatcher$Future.run()V (91 bytes) @ 0x00000000031ba44c [0x00000000031ba340+0x10c]
v  ~StubRoutines::call_stub
j  com.sun.glass.ui.win.WinApplication._runLoop(Ljava/lang/Runnable;)V+0
j  com.sun.glass.ui.win.WinApplication.lambda$null$148(ILjava/lang/Runnable;)V+8
j  com.sun.glass.ui.win.WinApplication$$Lambda$38.run()V+12
j  java.lang.Thread.run()V+11
v  ~StubRoutines::call_stub

---------------  P R O C E S S  ---------------

Java Threads: ( => current thread )
  0x000000001e43c800 JavaThread "URL-Loader-22" daemon [_thread_blocked, id=19040, stack(0x000000002b350000,0x000000002b450000)]
  0x000000001e440000 JavaThread "URL-Loader-21" daemon [_thread_blocked, id=3380, stack(0x000000002b250000,0x000000002b350000)]
  0x000000001e442800 JavaThread "URL-Loader-20" daemon [_thread_blocked, id=1084, stack(0x000000002b150000,0x000000002b250000)]
  0x000000001e43b000 JavaThread "URL-Loader-19" daemon [_thread_blocked, id=16340, stack(0x000000002b050000,0x000000002b150000)]
  0x000000001e43b800 JavaThread "URL-Loader-18" daemon [_thread_blocked, id=17548, stack(0x000000002ae50000,0x000000002af50000)]
  0x000000001e43e000 JavaThread "URL-Loader-17" daemon [_thread_blocked, id=16412, stack(0x000000002a750000,0x000000002a850000)]
  0x000000001e43d000 JavaThread "URL-Loader-16" daemon [_thread_blocked, id=11268, stack(0x000000002a650000,0x000000002a750000)]
  0x000000001e61e000 JavaThread "URL-Loader-15" daemon [_thread_blocked, id=14188, stack(0x000000002a550000,0x000000002a650000)]
  0x00000000199b0000 JavaThread "URL-Loader-14" daemon [_thread_blocked, id=9940, stack(0x000000002a450000,0x000000002a550000)]
  0x00000000199af000 JavaThread "URL-Loader-13" daemon [_thread_blocked, id=12248, stack(0x000000002a350000,0x000000002a450000)]
  0x00000000199a7800 JavaThread "URL-Loader-12" daemon [_thread_blocked, id=15368, stack(0x0000000026e50000,0x0000000026f50000)]
  0x00000000199a6000 JavaThread "URL-Loader-11" daemon [_thread_blocked, id=18528, stack(0x0000000026550000,0x0000000026650000)]
  0x00000000199a1800 JavaThread "URL-Loader-10" daemon [_thread_blocked, id=17068, stack(0x0000000026450000,0x0000000026550000)]
  0x00000000199a1000 JavaThread "URL-Loader-9" daemon [_thread_blocked, id=8464, stack(0x0000000026350000,0x0000000026450000)]
  0x00000000199a7000 JavaThread "URL-Loader-8" daemon [_thread_blocked, id=14484, stack(0x0000000025f50000,0x0000000026050000)]
  0x000000001e61f800 JavaThread "URL-Loader-7" daemon [_thread_blocked, id=12192, stack(0x0000000025e30000,0x0000000025f30000)]
  0x000000001e622800 JavaThread "URL-Loader-6" daemon [_thread_blocked, id=16348, stack(0x0000000025d30000,0x0000000025e30000)]
  0x000000001e61f000 JavaThread "URL-Loader-5" daemon [_thread_blocked, id=14592, stack(0x0000000025c30000,0x0000000025d30000)]
  0x000000001e621000 JavaThread "URL-Loader-4" daemon [_thread_blocked, id=12992, stack(0x00000000259f0000,0x0000000025af0000)]
  0x000000001e622000 JavaThread "Watchdog-Timer-1" daemon [_thread_blocked, id=6944, stack(0x00000000253f0000,0x00000000254f0000)]
  0x000000001e620800 JavaThread "Keep-Alive-Timer" daemon [_thread_blocked, id=14016, stack(0x00000000252f0000,0x00000000253f0000)]
  0x000000001e625000 JavaThread "URL-Loader-3" daemon [_thread_blocked, id=14868, stack(0x0000000022af0000,0x0000000022bf0000)]
  0x000000001e624000 JavaThread "Thread-5" [_thread_in_native, id=16944, stack(0x0000000021bf0000,0x0000000021cf0000)]
  0x000000001e759000 JavaThread "Abandoned connection cleanup thread" daemon [_thread_blocked, id=12404, stack(0x00000000218e0000,0x00000000219e0000)]
  0x000000001ab17000 JavaThread "Disposer" daemon [_thread_blocked, id=16132, stack(0x00000000213b0000,0x00000000214b0000)]
  0x000000001ab93000 JavaThread "Prism Font Disposer" daemon [_thread_blocked, id=13356, stack(0x00000000201b0000,0x00000000202b0000)]
  0x000000001a60b000 JavaThread "Thread-3" daemon [_thread_in_native, id=5748, stack(0x000000001d070000,0x000000001d170000)]
  0x000000001a5be800 JavaThread "JavaFX-Launcher" [_thread_blocked, id=18844, stack(0x000000001d170000,0x000000001d270000)]
=>0x000000001a530800 JavaThread "JavaFX Application Thread" [_thread_in_native, id=18192, stack(0x000000001afc0000,0x000000001b0c0000)]
  0x000000001a530000 JavaThread "Thread-1" daemon [_thread_blocked, id=2192, stack(0x000000001aec0000,0x000000001afc0000)]
  0x000000001a4fe000 JavaThread "QuantumRenderer-0" daemon [_thread_blocked, id=14532, stack(0x000000001ace0000,0x000000001ade0000)]
  0x00000000197b8000 JavaThread "Service Thread" daemon [_thread_blocked, id=15316, stack(0x000000001a2e0000,0x000000001a3e0000)]
  0x0000000019729800 JavaThread "C1 CompilerThread3" daemon [_thread_blocked, id=15116, stack(0x000000001a1e0000,0x000000001a2e0000)]
  0x0000000019723000 JavaThread "C2 CompilerThread2" daemon [_thread_blocked, id=16448, stack(0x000000001a0e0000,0x000000001a1e0000)]
  0x000000001971e000 JavaThread "C2 CompilerThread1" daemon [_thread_blocked, id=18748, stack(0x0000000019fe0000,0x000000001a0e0000)]
  0x000000001971b800 JavaThread "C2 CompilerThread0" daemon [_thread_blocked, id=16356, stack(0x0000000019ee0000,0x0000000019fe0000)]
  0x000000001971a000 JavaThread "Attach Listener" daemon [_thread_blocked, id=18508, stack(0x0000000019de0000,0x0000000019ee0000)]
  0x0000000019718800 JavaThread "Signal Dispatcher" daemon [_thread_blocked, id=13848, stack(0x0000000019ce0000,0x0000000019de0000)]
  0x00000000028e9000 JavaThread "Finalizer" daemon [_thread_blocked, id=19148, stack(0x0000000019af0000,0x0000000019bf0000)]
  0x00000000028e5800 JavaThread "Reference Handler" daemon [_thread_blocked, id=17396, stack(0x00000000195f0000,0x00000000196f0000)]
  0x00000000026ee000 JavaThread "main" [_thread_blocked, id=9376, stack(0x00000000026f0000,0x00000000027f0000)]

Other Threads:
  0x0000000017829800 VMThread [stack: 0x00000000194f0000,0x00000000195f0000] [id=3900]
  0x00000000197ca800 WatcherThread [stack: 0x000000001a3e0000,0x000000001a4e0000] [id=17424]

VM state:not at safepoint (normal execution)

VM Mutex/Monitor currently owned by a thread: None

Heap:
 PSYoungGen      total 95744K, used 49909K [0x00000000d6000000, 0x00000000dcd00000, 0x0000000100000000)
  eden space 82944K, 47% used [0x00000000d6000000,0x00000000d8681f48,0x00000000db100000)
  from space 12800K, 81% used [0x00000000dc080000,0x00000000dcabb6f0,0x00000000dcd00000)
  to   space 14336K, 0% used [0x00000000db100000,0x00000000db100000,0x00000000dbf00000)
 ParOldGen       total 80384K, used 21076K [0x0000000082000000, 0x0000000086e80000, 0x00000000d6000000)
  object space 80384K, 26% used [0x0000000082000000,0x00000000834950f0,0x0000000086e80000)
 Metaspace       used 28893K, capacity 30568K, committed 30720K, reserved 1075200K
  class space    used 3941K, capacity 4241K, committed 4352K, reserved 1048576K

Card table byte_map: [0x0000000011cb0000,0x00000000120b0000] byte_map_base: 0x00000000118a0000

Marking Bits: (ParMarkBitMap*) 0x000000006b132f70
 Begin Bits: [0x0000000012b50000, 0x0000000014ad0000)
 End Bits:   [0x0000000014ad0000, 0x0000000016a50000)

Polling page: 0x00000000009b0000

CodeCache: size=245760Kb used=14514Kb max_used=14522Kb free=231246Kb
 bounds [0x00000000028f0000, 0x0000000003730000, 0x00000000118f0000]
 total_blobs=5250 nmethods=4411 adapters=749
 compilation: enabled

Compilation events (10 events):
Event: 17.810 Thread 0x000000001971e000 4807       4       java.util.HashMap::keySet (27 bytes)
Event: 17.811 Thread 0x000000001971e000 nmethod 4807 0x0000000003718f90 code [0x00000000037190e0, 0x00000000037191d8]
Event: 17.830 Thread 0x0000000019729800 4808       1       image.explorer.MainApp::access$2 (5 bytes)
Event: 17.830 Thread 0x0000000019729800 nmethod 4808 0x0000000003713210 code [0x0000000003713360, 0x0000000003713450]
Event: 17.830 Thread 0x0000000019729800 4809       1       image.explorer.MainApp::access$3 (5 bytes)
Event: 17.831 Thread 0x0000000019729800 nmethod 4809 0x000000000371c090 code [0x000000000371c1e0, 0x000000000371c2d0]
Event: 17.832 Thread 0x0000000019729800 4810       3       java.util.concurrent.ThreadPoolExecutor::isRunning (10 bytes)
Event: 17.832 Thread 0x0000000019729800 nmethod 4810 0x000000000372d9d0 code [0x000000000372db20, 0x000000000372dcb0]
Event: 17.833 Thread 0x0000000019729800 4811       3       java.lang.ReflectiveOperationException::<init> (7 bytes)
Event: 17.833 Thread 0x0000000019729800 nmethod 4811 0x000000000372d590 code [0x000000000372d700, 0x000000000372d8e8]

GC Heap History (10 events):
Event: 15.029 GC heap before
{Heap before GC invocations=7 (full 1):
 PSYoungGen      total 45056K, used 45018K [0x00000000d6000000, 0x00000000da780000, 0x0000000100000000)
  eden space 39936K, 99% used [0x00000000d6000000,0x00000000d86f8458,0x00000000d8700000)
  from space 5120K, 99% used [0x00000000d8700000,0x00000000d8bfe570,0x00000000d8c00000)
  to   space 13824K, 0% used [0x00000000d9a00000,0x00000000d9a00000,0x00000000da780000)
 ParOldGen       total 80384K, used 21036K [0x0000000082000000, 0x0000000086e80000, 0x00000000d6000000)
  object space 80384K, 26% used [0x0000000082000000,0x000000008348b0f0,0x0000000086e80000)
 Metaspace       used 27763K, capacity 29398K, committed 29568K, reserved 1075200K
  class space    used 3916K, capacity 4202K, committed 4224K, reserved 1048576K
Event: 15.033 GC heap after
Heap after GC invocations=7 (full 1):
 PSYoungGen      total 59392K, used 5423K [0x00000000d6000000, 0x00000000db180000, 0x0000000100000000)
  eden space 45568K, 0% used [0x00000000d6000000,0x00000000d6000000,0x00000000d8c80000)
  from space 13824K, 39% used [0x00000000d9a00000,0x00000000d9f4bf60,0x00000000da780000)
  to   space 13824K, 0% used [0x00000000d8c80000,0x00000000d8c80000,0x00000000d9a00000)
 ParOldGen       total 80384K, used 21044K [0x0000000082000000, 0x0000000086e80000, 0x00000000d6000000)
  object space 80384K, 26% used [0x0000000082000000,0x000000008348d0f0,0x0000000086e80000)
 Metaspace       used 27763K, capacity 29398K, committed 29568K, reserved 1075200K
  class space    used 3916K, capacity 4202K, committed 4224K, reserved 1048576K
}
Event: 15.178 GC heap before
{Heap before GC invocations=8 (full 1):
 PSYoungGen      total 59392K, used 50991K [0x00000000d6000000, 0x00000000db180000, 0x0000000100000000)
  eden space 45568K, 100% used [0x00000000d6000000,0x00000000d8c80000,0x00000000d8c80000)
  from space 13824K, 39% used [0x00000000d9a00000,0x00000000d9f4bf60,0x00000000da780000)
  to   space 13824K, 0% used [0x00000000d8c80000,0x00000000d8c80000,0x00000000d9a00000)
 ParOldGen       total 80384K, used 21044K [0x0000000082000000, 0x0000000086e80000, 0x00000000d6000000)
  object space 80384K, 26% used [0x0000000082000000,0x000000008348d0f0,0x0000000086e80000)
 Metaspace       used 28004K, capacity 29668K, committed 29952K, reserved 1075200K
  class space    used 3930K, capacity 4241K, committed 4352K, reserved 1048576K
Event: 15.183 GC heap after
Heap after GC invocations=8 (full 1):
 PSYoungGen      total 59392K, used 7052K [0x00000000d6000000, 0x00000000dbb80000, 0x0000000100000000)
  eden space 45568K, 0% used [0x00000000d6000000,0x00000000d6000000,0x00000000d8c80000)
  from space 13824K, 51% used [0x00000000d8c80000,0x00000000d9363320,0x00000000d9a00000)
  to   space 13312K, 0% used [0x00000000dae80000,0x00000000dae80000,0x00000000dbb80000)
 ParOldGen       total 80384K, used 21052K [0x0000000082000000, 0x0000000086e80000, 0x00000000d6000000)
  object space 80384K, 26% used [0x0000000082000000,0x000000008348f0f0,0x0000000086e80000)
 Metaspace       used 28004K, capacity 29668K, committed 29952K, reserved 1075200K
  class space    used 3930K, capacity 4241K, committed 4352K, reserved 1048576K
}
Event: 15.528 GC heap before
{Heap before GC invocations=9 (full 1):
 PSYoungGen      total 59392K, used 52599K [0x00000000d6000000, 0x00000000dbb80000, 0x0000000100000000)
  eden space 45568K, 99% used [0x00000000d6000000,0x00000000d8c7ab48,0x00000000d8c80000)
  from space 13824K, 51% used [0x00000000d8c80000,0x00000000d9363320,0x00000000d9a00000)
  to   space 13312K, 0% used [0x00000000dae80000,0x00000000dae80000,0x00000000dbb80000)
 ParOldGen       total 80384K, used 21052K [0x0000000082000000, 0x0000000086e80000, 0x00000000d6000000)
  object space 80384K, 26% used [0x0000000082000000,0x000000008348f0f0,0x0000000086e80000)
 Metaspace       used 28375K, capacity 30052K, committed 30208K, reserved 1075200K
  class space    used 3933K, capacity 4241K, committed 4352K, reserved 1048576K
Event: 15.535 GC heap after
Heap after GC invocations=9 (full 1):
 PSYoungGen      total 80384K, used 9424K [0x00000000d6000000, 0x00000000dbc00000, 0x0000000100000000)
  eden space 67072K, 0% used [0x00000000d6000000,0x00000000d6000000,0x00000000da180000)
  from space 13312K, 70% used [0x00000000dae80000,0x00000000db7b4390,0x00000000dbb80000)
  to   space 13312K, 0% used [0x00000000da180000,0x00000000da180000,0x00000000dae80000)
 ParOldGen       total 80384K, used 21060K [0x0000000082000000, 0x0000000086e80000, 0x00000000d6000000)
  object space 80384K, 26% used [0x0000000082000000,0x00000000834910f0,0x0000000086e80000)
 Metaspace       used 28375K, capacity 30052K, committed 30208K, reserved 1075200K
  class space    used 3933K, capacity 4241K, committed 4352K, reserved 1048576K
}
Event: 16.334 GC heap before
{Heap before GC invocations=10 (full 1):
 PSYoungGen      total 80384K, used 76496K [0x00000000d6000000, 0x00000000dbc00000, 0x0000000100000000)
  eden space 67072K, 100% used [0x00000000d6000000,0x00000000da180000,0x00000000da180000)
  from space 13312K, 70% used [0x00000000dae80000,0x00000000db7b4390,0x00000000dbb80000)
  to   space 13312K, 0% used [0x00000000da180000,0x00000000da180000,0x00000000dae80000)
 ParOldGen       total 80384K, used 21060K [0x0000000082000000, 0x0000000086e80000, 0x00000000d6000000)
  object space 80384K, 26% used [0x0000000082000000,0x00000000834910f0,0x0000000086e80000)
 Metaspace       used 28641K, capacity 30308K, committed 30464K, reserved 1075200K
  class space    used 3935K, capacity 4241K, committed 4352K, reserved 1048576K
Event: 16.341 GC heap after
Heap after GC invocations=10 (full 1):
 PSYoungGen      total 80384K, used 10396K [0x00000000d6000000, 0x00000000dce00000, 0x0000000100000000)
  eden space 67072K, 0% used [0x00000000d6000000,0x00000000d6000000,0x00000000da180000)
  from space 13312K, 78% used [0x00000000da180000,0x00000000daba7060,0x00000000dae80000)
  to   space 13824K, 0% used [0x00000000dc080000,0x00000000dc080000,0x00000000dce00000)
 ParOldGen       total 80384K, used 21068K [0x0000000082000000, 0x0000000086e80000, 0x00000000d6000000)
  object space 80384K, 26% used [0x0000000082000000,0x00000000834930f0,0x0000000086e80000)
 Metaspace       used 28641K, capacity 30308K, committed 30464K, reserved 1075200K
  class space    used 3935K, capacity 4241K, committed 4352K, reserved 1048576K
}
Event: 17.707 GC heap before
{Heap before GC invocations=11 (full 1):
 PSYoungGen      total 80384K, used 77451K [0x00000000d6000000, 0x00000000dce00000, 0x0000000100000000)
  eden space 67072K, 99% used [0x00000000d6000000,0x00000000da17bd78,0x00000000da180000)
  from space 13312K, 78% used [0x00000000da180000,0x00000000daba7060,0x00000000dae80000)
  to   space 13824K, 0% used [0x00000000dc080000,0x00000000dc080000,0x00000000dce00000)
 ParOldGen       total 80384K, used 21068K [0x0000000082000000, 0x0000000086e80000, 0x00000000d6000000)
  object space 80384K, 26% used [0x0000000082000000,0x00000000834930f0,0x0000000086e80000)
 Metaspace       used 28866K, capacity 30504K, committed 30720K, reserved 1075200K
  class space    used 3939K, capacity 4241K, committed 4352K, reserved 1048576K
Event: 17.713 GC heap after
Heap after GC invocations=11 (full 1):
 PSYoungGen      total 95744K, used 10477K [0x00000000d6000000, 0x00000000dcd00000, 0x0000000100000000)
  eden space 82944K, 0% used [0x00000000d6000000,0x00000000d6000000,0x00000000db100000)
  from space 12800K, 81% used [0x00000000dc080000,0x00000000dcabb6f0,0x00000000dcd00000)
  to   space 14336K, 0% used [0x00000000db100000,0x00000000db100000,0x00000000dbf00000)
 ParOldGen       total 80384K, used 21076K [0x0000000082000000, 0x0000000086e80000, 0x00000000d6000000)
  object space 80384K, 26% used [0x0000000082000000,0x00000000834950f0,0x0000000086e80000)
 Metaspace       used 28866K, capacity 30504K, committed 30720K, reserved 1075200K
  class space    used 3939K, capacity 4241K, committed 4352K, reserved 1048576K
}

Deoptimization events (10 events):
Event: 15.024 Thread 0x000000001a530800 Uncommon trap: reason=array_check action=maybe_recompile pc=0x0000000003237e14 method=com.sun.javafx.css.CompoundSelector.applies(Ljavafx/css/Styleable;[Ljava/util/Set;I)Z @ 128
Event: 15.056 Thread 0x000000001a530800 Uncommon trap: reason=unstable_if action=reinterpret pc=0x0000000002cac008 method=java.lang.Integer.equals(Ljava/lang/Object;)Z @ 18
Event: 15.332 Thread 0x000000001a4fe000 Uncommon trap: reason=unstable_if action=reinterpret pc=0x0000000003385384 method=com.sun.javafx.geom.RectBounds.isEmpty()Z @ 21
Event: 15.619 Thread 0x000000001a530800 Uncommon trap: reason=unstable_if action=reinterpret pc=0x00000000032b4e08 method=javafx.scene.Parent.setChildDirty(Ljavafx/scene/Node;Z)V @ 22
Event: 15.621 Thread 0x000000001a530800 Uncommon trap: reason=unstable_if action=reinterpret pc=0x0000000002f0f7d8 method=com.sun.javafx.css.StyleManager.getStyleMap(Ljavafx/css/Styleable;Ljavafx/scene/SubScene;I)Lcom/sun/javafx/css/StyleMap; @ 2
Event: 15.713 Thread 0x000000001a530800 Uncommon trap: reason=class_check action=maybe_recompile pc=0x00000000030d4098 method=javafx.scene.Node.updateLocalToParentTransform()V @ 11
Event: 15.713 Thread 0x000000001a530800 Uncommon trap: reason=class_check action=maybe_recompile pc=0x00000000030d4098 method=javafx.scene.Node.updateLocalToParentTransform()V @ 11
Event: 15.713 Thread 0x000000001a530800 Uncommon trap: reason=class_check action=maybe_recompile pc=0x00000000030d4098 method=javafx.scene.Node.updateLocalToParentTransform()V @ 11
Event: 15.713 Thread 0x000000001a530800 Uncommon trap: reason=class_check action=maybe_recompile pc=0x00000000030d4098 method=javafx.scene.Node.updateLocalToParentTransform()V @ 11
Event: 16.365 Thread 0x000000001a530800 Uncommon trap: reason=null_check action=make_not_entrant pc=0x00000000033ac11c method=javafx.scene.Node$MiscProperties.getClip()Ljavafx/scene/Node; @ 20

Internal exceptions (10 events):
Event: 1.079 Thread 0x000000001a530800 Exception <a 'java/lang/ArrayIndexOutOfBoundsException'> (0x00000000d6cc1fe0) thrown at [C:\re\workspace\8-2-build-windows-amd64-cygwin\jdk8u91\7017\hotspot\src\share\vm\runtime\sharedRuntime.cpp, line 605]
Event: 1.085 Thread 0x000000001a530800 Exception <a 'java/io/FileNotFoundException'> (0x00000000d6cebfa0) thrown at [C:\re\workspace\8-2-build-windows-amd64-cygwin\jdk8u91\7017\hotspot\src\share\vm\prims\jni.cpp, line 709]
Event: 1.134 Thread 0x000000001a530800 Implicit null exception at 0x0000000002d06bbf to 0x0000000002d07551
Event: 1.709 Thread 0x000000001e61e000 Exception <a 'java/io/FileNotFoundException'> (0x00000000d6941d28) thrown at [C:\re\workspace\8-2-build-windows-amd64-cygwin\jdk8u91\7017\hotspot\src\share\vm\prims\jni.cpp, line 709]
Event: 1.710 Thread 0x000000001e61e000 Exception <a 'java/io/FileNotFoundException'> (0x00000000d69426b8) thrown at [C:\re\workspace\8-2-build-windows-amd64-cygwin\jdk8u91\7017\hotspot\src\share\vm\prims\jni.cpp, line 709]
Event: 9.222 Thread 0x000000001e621000 Implicit null exception at 0x000000000304b8c3 to 0x000000000304c685
Event: 13.417 Thread 0x000000001a530800 Exception <a 'java/lang/ClassNotFoundException': sun/net/www/protocol/about/Handler> (0x00000000d6591838) thrown at [C:\re\workspace\8-2-build-windows-amd64-cygwin\jdk8u91\7017\hotspot\src\share\vm\classfile\systemDictionary.cpp, line 210]
Event: 14.979 Thread 0x000000001a530800 Implicit null exception at 0x0000000002f29571 to 0x0000000002f29fe5
Event: 15.002 Thread 0x000000001a530800 Implicit null exception at 0x0000000002e545b1 to 0x0000000002e54ac5
Event: 16.365 Thread 0x000000001a530800 Implicit null exception at 0x00000000033ac0d3 to 0x00000000033ac111

Events (10 events):
Event: 17.714 Executing VM operation: RevokeBias
Event: 17.714 Executing VM operation: RevokeBias done
Event: 17.714 Executing VM operation: RevokeBias
Event: 17.714 Executing VM operation: RevokeBias done
Event: 17.762 Thread 0x00000000199ae800 Thread exited: 0x00000000199ae800
Event: 17.830 Thread 0x00000000199aa000 Thread exited: 0x00000000199aa000
Event: 17.832 loading class image/explorer/view/ImageExplorerController$5
Event: 17.832 loading class image/explorer/view/ImageExplorerController$5 done
Event: 17.833 loading class main/java/com/lynden/gmapsfx/javascript/object/MarkerOptions
Event: 17.833 loading class main/java/com/lynden/gmapsfx/javascript/object/MarkerOptions done


Dynamic libraries:
0x00007ff799810000 - 0x00007ff799847000 	C:\Program Files\Java\jre1.8.0_91\bin\javaw.exe
0x00007ffa05170000 - 0x00007ffa05341000 	C:\WINDOWS\SYSTEM32\ntdll.dll
0x00007ffa02b30000 - 0x00007ffa02bdb000 	C:\WINDOWS\System32\KERNEL32.DLL
0x00007ffa02470000 - 0x00007ffa0268d000 	C:\WINDOWS\System32\KERNELBASE.dll
0x00007ffa044f0000 - 0x00007ffa04592000 	C:\WINDOWS\System32\ADVAPI32.dll
0x00007ffa02a30000 - 0x00007ffa02ace000 	C:\WINDOWS\System32\msvcrt.dll
0x00007ffa02700000 - 0x00007ffa02759000 	C:\WINDOWS\System32\sechost.dll
0x00007ffa02760000 - 0x00007ffa02881000 	C:\WINDOWS\System32\RPCRT4.dll
0x00007ffa04110000 - 0x00007ffa04275000 	C:\WINDOWS\System32\USER32.dll
0x00007ffa026e0000 - 0x00007ffa026fe000 	C:\WINDOWS\System32\win32u.dll
0x00007ffa04a40000 - 0x00007ffa04a74000 	C:\WINDOWS\System32\GDI32.dll
0x00007ffa022e0000 - 0x00007ffa02462000 	C:\WINDOWS\System32\gdi32full.dll
0x00007ff9ed520000 - 0x00007ff9ed79a000 	C:\WINDOWS\WinSxS\amd64_microsoft.windows.common-controls_6595b64144ccf1df_6.0.14393.953_none_42151e83c686086b\COMCTL32.dll
0x00007ffa04de0000 - 0x00007ffa050a8000 	C:\WINDOWS\System32\combase.dll
0x00007ffa01950000 - 0x00007ffa01a45000 	C:\WINDOWS\System32\ucrtbase.dll
0x00007ffa01660000 - 0x00007ffa016ca000 	C:\WINDOWS\System32\bcryptPrimitives.dll
0x00007ffa04c30000 - 0x00007ffa04c5e000 	C:\WINDOWS\System32\IMM32.DLL
0x000000006bf90000 - 0x000000006c062000 	C:\Program Files\Java\jre1.8.0_91\bin\msvcr100.dll
0x000000006a920000 - 0x000000006b1b3000 	C:\Program Files\Java\jre1.8.0_91\bin\server\jvm.dll
0x00007ffa04a80000 - 0x00007ffa04a88000 	C:\WINDOWS\System32\PSAPI.DLL
0x00007ff9f5950000 - 0x00007ff9f595a000 	C:\WINDOWS\SYSTEM32\VERSION.dll
0x00007ff9ef760000 - 0x00007ff9ef769000 	C:\WINDOWS\SYSTEM32\WSOCK32.dll
0x00007ff9ff960000 - 0x00007ff9ff983000 	C:\WINDOWS\SYSTEM32\WINMM.dll
0x00007ffa04280000 - 0x00007ffa042ea000 	C:\WINDOWS\System32\WS2_32.dll
0x0000000001020000 - 0x000000000104b000 	C:\WINDOWS\SYSTEM32\WINMMBASE.dll
0x00007ffa02690000 - 0x00007ffa026d2000 	C:\WINDOWS\System32\cfgmgr32.dll
0x000000006bef0000 - 0x000000006beff000 	C:\Program Files\Java\jre1.8.0_91\bin\verify.dll
0x000000006b370000 - 0x000000006b399000 	C:\Program Files\Java\jre1.8.0_91\bin\java.dll
0x000000006b350000 - 0x000000006b366000 	C:\Program Files\Java\jre1.8.0_91\bin\zip.dll
0x00007ffa02be0000 - 0x00007ffa040e8000 	C:\WINDOWS\System32\SHELL32.dll
0x00007ffa01c00000 - 0x00007ffa022da000 	C:\WINDOWS\System32\windows.storage.dll
0x00007ffa01610000 - 0x00007ffa0165c000 	C:\WINDOWS\System32\powrprof.dll
0x00007ffa02ad0000 - 0x00007ffa02b22000 	C:\WINDOWS\System32\shlwapi.dll
0x00007ffa015e0000 - 0x00007ffa015ef000 	C:\WINDOWS\System32\kernel.appcore.dll
0x00007ffa01a50000 - 0x00007ffa01af9000 	C:\WINDOWS\System32\shcore.dll
0x00007ffa015f0000 - 0x00007ffa01604000 	C:\WINDOWS\System32\profapi.dll
0x00007ff9ead80000 - 0x00007ff9eae6f000 	C:\Program Files\Java\jre1.8.0_91\bin\msvcr120.dll
0x00007ff9eacd0000 - 0x00007ff9ead76000 	C:\Program Files\Java\jre1.8.0_91\bin\msvcp120.dll
0x000000006bf60000 - 0x000000006bf83000 	C:\Program Files\Java\jre1.8.0_91\bin\prism_d3d.dll
0x00007ff9ccf20000 - 0x00007ff9cd0ad000 	C:\WINDOWS\system32\d3d9.dll
0x00007ff9ff460000 - 0x00007ff9ff486000 	C:\WINDOWS\SYSTEM32\dwmapi.dll
0x00007ff9ffd10000 - 0x00007ff9ffda5000 	C:\WINDOWS\system32\uxtheme.dll
0x00007ff9cc4b0000 - 0x00007ff9ccf1e000 	C:\WINDOWS\SYSTEM32\igdumdim64.dll
0x00007ff9fb110000 - 0x00007ff9fb574000 	C:\WINDOWS\SYSTEM32\igdusc64.dll
0x000000006bf10000 - 0x000000006bf53000 	C:\Program Files\Java\jre1.8.0_91\bin\glass.dll
0x00007ffa04ce0000 - 0x00007ffa04dda000 	C:\WINDOWS\System32\COMDLG32.dll
0x00007ffa02890000 - 0x00007ffa029c7000 	C:\WINDOWS\System32\ole32.dll
0x00007ffa050b0000 - 0x00007ffa0516f000 	C:\WINDOWS\System32\OLEAUT32.dll
0x00007ffa01b60000 - 0x00007ffa01bfc000 	C:\WINDOWS\System32\msvcp_win.dll
0x00007ffa04390000 - 0x00007ffa044ea000 	C:\WINDOWS\System32\MSCTF.dll
0x000000006be80000 - 0x000000006be94000 	C:\Program Files\Java\jre1.8.0_91\bin\javafx_font.dll
0x00007ff9f6cd0000 - 0x00007ff9f6f39000 	C:\WINDOWS\SYSTEM32\dwrite.dll
0x00007ffa042f0000 - 0x00007ffa0438f000 	C:\WINDOWS\System32\clbcatq.dll
0x00007ff9fde80000 - 0x00007ff9fe028000 	C:\WINDOWS\SYSTEM32\WindowsCodecs.dll
0x00007ff9e31f0000 - 0x00007ff9e3239000 	C:\WINDOWS\system32\dataexchange.dll
0x00007ff9fedb0000 - 0x00007ff9fef01000 	C:\WINDOWS\system32\dcomp.dll
0x00007ff9fd9d0000 - 0x00007ff9fdc86000 	C:\WINDOWS\system32\d3d11.dll
0x00007ffa00550000 - 0x00007ffa005ef000 	C:\WINDOWS\system32\dxgi.dll
0x00007ff9fff50000 - 0x00007ffa0006c000 	C:\WINDOWS\system32\twinapi.appcore.dll
0x00007ffa01510000 - 0x00007ffa0153b000 	C:\WINDOWS\system32\bcrypt.dll
0x00007ff9eac90000 - 0x00007ff9eacc2000 	C:\Program Files\Common Files\Microsoft Shared\Ink\rtscom.dll
0x0000000068390000 - 0x000000006a91e000 	C:\Program Files\Java\jre1.8.0_91\bin\jfxwebkit.dll
0x00007ffa01050000 - 0x00007ffa01067000 	C:\WINDOWS\SYSTEM32\CRYPTSP.dll
0x00007ffa00aa0000 - 0x00007ffa00ad3000 	C:\WINDOWS\system32\rsaenh.dll
0x00007ffa01040000 - 0x00007ffa0104b000 	C:\WINDOWS\SYSTEM32\CRYPTBASE.dll
0x000000006b330000 - 0x000000006b34a000 	C:\Program Files\Java\jre1.8.0_91\bin\net.dll
0x00007ffa00ea0000 - 0x00007ffa00efc000 	C:\WINDOWS\system32\mswsock.dll
0x000000006b310000 - 0x000000006b321000 	C:\Program Files\Java\jre1.8.0_91\bin\nio.dll
0x000000006be50000 - 0x000000006be73000 	C:\Program Files\Java\jre1.8.0_91\bin\javafx_iio.dll
0x00007ffa00c60000 - 0x00007ffa00d01000 	C:\WINDOWS\SYSTEM32\DNSAPI.dll
0x00007ffa04c60000 - 0x00007ffa04c68000 	C:\WINDOWS\System32\NSI.dll
0x00007ffa00c20000 - 0x00007ffa00c58000 	C:\WINDOWS\SYSTEM32\IPHLPAPI.DLL
0x000000006c620000 - 0x000000006c646000 	C:\Program Files\Bonjour\mdnsNSP.dll
0x00007ff9f4070000 - 0x00007ff9f407a000 	C:\Windows\System32\rasadhlp.dll
0x00007ff9f7dd0000 - 0x00007ff9f7e3a000 	C:\WINDOWS\System32\fwpuclnt.dll
0x000000006be30000 - 0x000000006be41000 	C:\Program Files\Java\jre1.8.0_91\bin\prism_common.dll
0x000000006c070000 - 0x000000006c094000 	C:\Program Files\Java\jre1.8.0_91\bin\sunec.dll
0x00007ffa00d20000 - 0x00007ffa00d3f000 	C:\WINDOWS\SYSTEM32\USERENV.dll
0x00007ff9fcd10000 - 0x00007ff9fcd26000 	C:\WINDOWS\SYSTEM32\dhcpcsvc6.DLL
0x00007ff9fccf0000 - 0x00007ff9fcd0a000 	C:\WINDOWS\SYSTEM32\dhcpcsvc.DLL
0x00007ff9ec7a0000 - 0x00007ff9ec7b6000 	C:\WINDOWS\system32\napinsp.dll
0x00007ff9ec7c0000 - 0x00007ff9ec7da000 	C:\WINDOWS\system32\pnrpnsp.dll
0x00007ff9ff7a0000 - 0x00007ff9ff7b8000 	C:\WINDOWS\system32\NLAapi.dll
0x00007ff9ec7e0000 - 0x00007ff9ec7ee000 	C:\WINDOWS\System32\winrnr.dll
0x00007ff9fb820000 - 0x00007ff9fb835000 	C:\WINDOWS\System32\wshbth.dll
0x00007ff9edbf0000 - 0x00007ff9edd82000 	C:\WINDOWS\SYSTEM32\dbghelp.dll

VM Arguments:
jvm_args: -Dfile.encoding=Cp1252 
java_command: image.explorer.MainApp
java_class_path (initial): C:\Users\Adam\Documents\College Stuff\Eclipse Neon Workspace\ImageExplorer\bin;C:\Users\Adam\.p2\pool\plugins\org.eclipse.fx.ide.css.jfx8_2.4.0.201605112122.jar;C:\Users\Adam\Documents\College Stuff\Eclipse Neon Workspace\ImageExplorer\mysql-connector-java-5.1.40-bin.jar;C:\Users\Adam\.p2\pool\plugins\org.junit_4.12.0.v201504281640\junit.jar;C:\Users\Adam\.p2\pool\plugins\org.hamcrest.core_1.3.0.v201303031735.jar;C:\Users\Adam\Documents\College Stuff\Eclipse Neon Workspace\ImageExplorer\jsch-0.1.54.jar;C:\Users\Adam\Documents\College Stuff\Eclipse Neon Workspace\ImageExplorer\json_simple-1.1.jar
Launcher Type: SUN_STANDARD

Environment Variables:
USERNAME=Adam
OS=Windows_NT
PROCESSOR_IDENTIFIER=Intel64 Family 6 Model 58 Stepping 9, GenuineIntel



---------------  S Y S T E M  ---------------

OS: Windows 10.0 , 64 bit Build 14393 (10.0.14393.0)

CPU:total 8 (4 cores per cpu, 2 threads per core) family 6 model 58 stepping 9, cmov, cx8, fxsr, mmx, sse, sse2, sse3, ssse3, sse4.1, sse4.2, popcnt, avx, aes, clmul, erms, ht, tsc, tscinvbit, tscinv

Memory: 4k page, physical 8254744k(1572444k free), swap 15083488k(3260216k free)

vm_info: Java HotSpot(TM) 64-Bit Server VM (25.91-b15) for windows-amd64 JRE (1.8.0_91-b15), built on May 20 2016 17:43:15 by "java_re" with MS VC++ 10.0 (VS2010)

time: Fri May 12 00:41:08 2017
elapsed time: 17 seconds (0d 0h 0m 17s)

